<?xml version="1.0" encoding="UTF-8"?>
<testng-results ignored="0" total="1" passed="1" failed="0" skipped="0">
  <reporter-output>
  </reporter-output>
  <suite started-at="2023-06-15T17:28:28 IST" name="Default suite" finished-at="2023-06-15T17:28:44 IST" duration-ms="15925">
    <groups>
    </groups>
    <test started-at="2023-06-15T17:28:28 IST" name="Default test" finished-at="2023-06-15T17:28:44 IST" duration-ms="15925">
      <class name="com.NaukriTestScript.ApplyJobTest">
        <test-method is-config="true" signature="start()[pri:0, instance:com.NaukriTestScript.ApplyJobTest@87a85e1]" started-at="2023-06-15T17:28:28 IST" name="start" finished-at="2023-06-15T17:28:35 IST" duration-ms="6796" status="PASS">
          <reporter-output>
          </reporter-output>
        </test-method> <!-- start -->
        <test-method signature="login(java.lang.String, java.lang.String)[pri:0, instance:com.NaukriTestScript.ApplyJobTest@87a85e1]" started-at="2023-06-15T17:28:35 IST" name="login" data-provider="LoginData" finished-at="2023-06-15T17:28:44 IST" duration-ms="9072" status="PASS">
          <params>
            <param index="0">
              <value>
                <![CDATA[ak6838883@gmail.com]]>
              </value>
            </param>
            <param index="1">
              <value>
                <![CDATA[Aman@123]]>
              </value>
            </param>
          </params>
          <reporter-output>
          </reporter-output>
        </test-method> <!-- login -->
        <test-method is-config="true" signature="end()[pri:0, instance:com.NaukriTestScript.ApplyJobTest@87a85e1]" started-at="2023-06-15T17:28:44 IST" name="end" finished-at="2023-06-15T17:28:44 IST" duration-ms="0" status="PASS">
          <reporter-output>
          </reporter-output>
        </test-method> <!-- end -->
      </class> <!-- com.NaukriTestScript.ApplyJobTest -->
    </test> <!-- Default test -->
  </suite> <!-- Default suite -->
</testng-results>
